0 info it worked if it ends with ok
1 verbose cli [ 'd:\\Program Files\\nodejs\\node.exe',
1 verbose cli   'd:\\Program Files\\nodejs\\node_modules\\npm\\bin\\npm-cli.js',
1 verbose cli   'install',
1 verbose cli   '-g',
1 verbose cli   'cnpm',
1 verbose cli   '--registry=http://registry.npm.taobao.org' ]
2 info using npm@2.11.2
3 info using node@v0.12.6
4 verbose install initial load of C:\Users\yangting393\AppData\Roaming\npm\package.json
5 verbose readDependencies loading dependencies from C:\Users\yangting393\AppData\Roaming\npm\package.json
6 silly cache add args [ 'cnpm', null ]
7 verbose cache add spec cnpm
8 silly cache add parsed spec { raw: 'cnpm',
8 silly cache add   scope: null,
8 silly cache add   name: 'cnpm',
8 silly cache add   rawSpec: '',
8 silly cache add   spec: '*',
8 silly cache add   type: 'range' }
9 silly addNamed cnpm@*
10 verbose addNamed "*" is a valid semver range for cnpm
11 silly addNameRange { name: 'cnpm', range: '*', hasData: false }
12 silly mapToRegistry name cnpm
13 silly mapToRegistry using default registry
14 silly mapToRegistry registry http://registry.npm.taobao.org/
15 silly mapToRegistry uri http://registry.npm.taobao.org/cnpm
16 verbose addNameRange registry:http://registry.npm.taobao.org/cnpm not in flight; fetching
17 verbose request uri http://registry.npm.taobao.org/cnpm
18 verbose request no auth needed
19 info attempt registry request try #1 at 10:38:14
20 verbose request id b11683f524be0df6
21 http request GET http://registry.npm.taobao.org/cnpm
22 info retry will retry, error on last attempt: Error: connect ETIMEDOUT
23 info attempt registry request try #2 at 10:38:45
24 http request GET http://registry.npm.taobao.org/cnpm
25 info retry will retry, error on last attempt: Error: connect ETIMEDOUT
26 info attempt registry request try #3 at 10:40:06
27 http request GET http://registry.npm.taobao.org/cnpm
28 verbose stack Error: connect ETIMEDOUT
28 verbose stack     at exports._errnoException (util.js:746:11)
28 verbose stack     at TCPConnectWrap.afterConnect [as oncomplete] (net.js:1010:19)
29 verbose cwd d:\work\jello-kr
30 error Windows_NT 6.1.7601
31 error argv "d:\\Program Files\\nodejs\\node.exe" "d:\\Program Files\\nodejs\\node_modules\\npm\\bin\\npm-cli.js" "install" "-g" "cnpm" "--registry=http://registry.npm.taobao.org"
32 error node v0.12.6
33 error npm  v2.11.2
34 error code ETIMEDOUT
35 error errno ETIMEDOUT
36 error syscall connect
37 error network connect ETIMEDOUT
37 error network This is most likely not a problem with npm itself
37 error network and is related to network connectivity.
37 error network In most cases you are behind a proxy or have bad network settings.
37 error network
37 error network If you are behind a proxy, please make sure that the
37 error network 'proxy' config is set properly.  See: 'npm help config'
38 verbose exit [ 1, true ]
